seems like slackattach = true removes the forwarding
